0 info it worked if it ends with ok
1 verbose cli [ '/usr/bin/nodejs',
1 verbose cli   '/usr/local/bin/npm',
1 verbose cli   'install',
1 verbose cli   '-g',
1 verbose cli   'grunt-cli' ]
2 info using npm@4.0.5
3 info using node@v4.2.6
4 silly loadCurrentTree Starting
5 silly install loadCurrentTree
6 silly install readGlobalPackageData
7 silly fetchPackageMetaData grunt-cli
8 silly fetchNamedPackageData grunt-cli
9 silly mapToRegistry name grunt-cli
10 silly mapToRegistry using default registry
11 silly mapToRegistry registry https://registry.npmjs.org/
12 silly mapToRegistry data Result {
12 silly mapToRegistry   raw: 'grunt-cli',
12 silly mapToRegistry   scope: null,
12 silly mapToRegistry   escapedName: 'grunt-cli',
12 silly mapToRegistry   name: 'grunt-cli',
12 silly mapToRegistry   rawSpec: '',
12 silly mapToRegistry   spec: 'latest',
12 silly mapToRegistry   type: 'tag' }
13 silly mapToRegistry uri https://registry.npmjs.org/grunt-cli
14 verbose request uri https://registry.npmjs.org/grunt-cli
15 verbose request no auth needed
16 info attempt registry request try #1 at 4:15:58 PM
17 verbose request id e3701f2909456c89
18 verbose etag W/"5871cae8-7e49"
19 verbose lastModified Sun, 08 Jan 2017 05:15:20 GMT
20 http request GET https://registry.npmjs.org/grunt-cli
21 http 200 https://registry.npmjs.org/grunt-cli
22 verbose headers { server: 'nginx/1.10.1',
22 verbose headers   'content-type': 'application/json',
22 verbose headers   'last-modified': 'Tue, 24 Jan 2017 09:16:19 GMT',
22 verbose headers   etag: 'W/"58871b63-7e8d"',
22 verbose headers   'content-encoding': 'gzip',
22 verbose headers   'cache-control': 'max-age=300',
22 verbose headers   'content-length': '5407',
22 verbose headers   'accept-ranges': 'bytes',
22 verbose headers   date: 'Tue, 24 Jan 2017 10:45:59 GMT',
22 verbose headers   via: '1.1 varnish',
22 verbose headers   age: '0',
22 verbose headers   connection: 'keep-alive',
22 verbose headers   'x-served-by': 'cache-cdg8726-CDG',
22 verbose headers   'x-cache': 'HIT',
22 verbose headers   'x-cache-hits': '1',
22 verbose headers   'x-timer': 'S1485254759.762851,VS0,VE26',
22 verbose headers   vary: 'Accept-Encoding' }
23 silly get cb [ 200,
23 silly get   { server: 'nginx/1.10.1',
23 silly get     'content-type': 'application/json',
23 silly get     'last-modified': 'Tue, 24 Jan 2017 09:16:19 GMT',
23 silly get     etag: 'W/"58871b63-7e8d"',
23 silly get     'content-encoding': 'gzip',
23 silly get     'cache-control': 'max-age=300',
23 silly get     'content-length': '5407',
23 silly get     'accept-ranges': 'bytes',
23 silly get     date: 'Tue, 24 Jan 2017 10:45:59 GMT',
23 silly get     via: '1.1 varnish',
23 silly get     age: '0',
23 silly get     connection: 'keep-alive',
23 silly get     'x-served-by': 'cache-cdg8726-CDG',
23 silly get     'x-cache': 'HIT',
23 silly get     'x-cache-hits': '1',
23 silly get     'x-timer': 'S1485254759.762851,VS0,VE26',
23 silly get     vary: 'Accept-Encoding' } ]
24 verbose get saving grunt-cli to /home/adit/.npm/registry.npmjs.org/grunt-cli/.cache.json
25 verbose correctMkdir /home/adit/.npm correctMkdir not in flight; initializing
26 silly install normalizeTree
27 silly loadCurrentTree Finishing
28 silly loadIdealTree Starting
29 silly install loadIdealTree
30 silly cloneCurrentTree Starting
31 silly install cloneCurrentTreeToIdealTree
32 silly cloneCurrentTree Finishing
33 silly loadShrinkwrap Starting
34 silly install loadShrinkwrap
35 silly loadShrinkwrap Finishing
36 silly loadAllDepsIntoIdealTree Starting
37 silly install loadAllDepsIntoIdealTree
38 silly resolveWithNewModule grunt-cli@1.2.0 checking installable status
39 silly cache add args [ 'grunt-cli', null ]
40 verbose cache add spec grunt-cli
41 silly cache add parsed spec Result {
41 silly cache add   raw: 'grunt-cli',
41 silly cache add   scope: null,
41 silly cache add   escapedName: 'grunt-cli',
41 silly cache add   name: 'grunt-cli',
41 silly cache add   rawSpec: '',
41 silly cache add   spec: 'latest',
41 silly cache add   type: 'tag' }
42 silly addNamed grunt-cli@latest
43 verbose addNamed "latest" is being treated as a dist-tag for grunt-cli
44 info addNameTag [ 'grunt-cli', 'latest' ]
45 silly mapToRegistry name grunt-cli
46 silly mapToRegistry using default registry
47 silly mapToRegistry registry https://registry.npmjs.org/
48 silly mapToRegistry data Result {
48 silly mapToRegistry   raw: 'grunt-cli',
48 silly mapToRegistry   scope: null,
48 silly mapToRegistry   escapedName: 'grunt-cli',
48 silly mapToRegistry   name: 'grunt-cli',
48 silly mapToRegistry   rawSpec: '',
48 silly mapToRegistry   spec: 'latest',
48 silly mapToRegistry   type: 'tag' }
49 silly mapToRegistry uri https://registry.npmjs.org/grunt-cli
50 verbose addNameTag registry:https://registry.npmjs.org/grunt-cli not in flight; fetching
51 verbose get https://registry.npmjs.org/grunt-cli not expired, no request
52 silly addNameTag next cb for grunt-cli with tag latest
53 silly addNamed grunt-cli@1.2.0
54 verbose addNamed "1.2.0" is a plain semver version for grunt-cli
55 silly cache afterAdd grunt-cli@1.2.0
56 verbose afterAdd /home/adit/.npm/grunt-cli/1.2.0/package/package.json not in flight; writing
57 verbose correctMkdir /home/adit/.npm correctMkdir not in flight; initializing
58 verbose afterAdd /home/adit/.npm/grunt-cli/1.2.0/package/package.json written
59 silly fetchNamedPackageData findup-sync
60 silly mapToRegistry name findup-sync
61 silly mapToRegistry using default registry
62 silly mapToRegistry registry https://registry.npmjs.org/
63 silly mapToRegistry data Result {
63 silly mapToRegistry   raw: 'findup-sync',
63 silly mapToRegistry   scope: null,
63 silly mapToRegistry   escapedName: 'findup-sync',
63 silly mapToRegistry   name: 'findup-sync',
63 silly mapToRegistry   rawSpec: '',
63 silly mapToRegistry   spec: 'latest',
63 silly mapToRegistry   type: 'tag' }
64 silly mapToRegistry uri https://registry.npmjs.org/findup-sync
65 silly fetchNamedPackageData grunt-known-options
66 silly mapToRegistry name grunt-known-options
67 silly mapToRegistry using default registry
68 silly mapToRegistry registry https://registry.npmjs.org/
69 silly mapToRegistry data Result {
69 silly mapToRegistry   raw: 'grunt-known-options',
69 silly mapToRegistry   scope: null,
69 silly mapToRegistry   escapedName: 'grunt-known-options',
69 silly mapToRegistry   name: 'grunt-known-options',
69 silly mapToRegistry   rawSpec: '',
69 silly mapToRegistry   spec: 'latest',
69 silly mapToRegistry   type: 'tag' }
70 silly mapToRegistry uri https://registry.npmjs.org/grunt-known-options
71 silly fetchNamedPackageData nopt
72 silly mapToRegistry name nopt
73 silly mapToRegistry using default registry
74 silly mapToRegistry registry https://registry.npmjs.org/
75 silly mapToRegistry data Result {
75 silly mapToRegistry   raw: 'nopt',
75 silly mapToRegistry   scope: null,
75 silly mapToRegistry   escapedName: 'nopt',
75 silly mapToRegistry   name: 'nopt',
75 silly mapToRegistry   rawSpec: '',
75 silly mapToRegistry   spec: 'latest',
75 silly mapToRegistry   type: 'tag' }
76 silly mapToRegistry uri https://registry.npmjs.org/nopt
77 silly fetchNamedPackageData resolve
78 silly mapToRegistry name resolve
79 silly mapToRegistry using default registry
80 silly mapToRegistry registry https://registry.npmjs.org/
81 silly mapToRegistry data Result {
81 silly mapToRegistry   raw: 'resolve',
81 silly mapToRegistry   scope: null,
81 silly mapToRegistry   escapedName: 'resolve',
81 silly mapToRegistry   name: 'resolve',
81 silly mapToRegistry   rawSpec: '',
81 silly mapToRegistry   spec: 'latest',
81 silly mapToRegistry   type: 'tag' }
82 silly mapToRegistry uri https://registry.npmjs.org/resolve
83 verbose request uri https://registry.npmjs.org/findup-sync
84 verbose request no auth needed
85 info attempt registry request try #1 at 4:15:59 PM
86 verbose etag W/"58552985-4ae2"
87 verbose lastModified Sat, 17 Dec 2016 12:03:17 GMT
88 http request GET https://registry.npmjs.org/findup-sync
89 verbose request uri https://registry.npmjs.org/nopt
90 verbose request no auth needed
91 info attempt registry request try #1 at 4:15:59 PM
92 verbose etag W/"58518ed2-84a2"
93 verbose lastModified Wed, 14 Dec 2016 18:26:26 GMT
94 http request GET https://registry.npmjs.org/nopt
95 verbose request uri https://registry.npmjs.org/grunt-known-options
96 verbose request no auth needed
97 info attempt registry request try #1 at 4:15:59 PM
98 verbose etag W/"56f9e838-dcc"
99 verbose lastModified Tue, 29 Mar 2016 02:28:08 GMT
100 http request GET https://registry.npmjs.org/grunt-known-options
101 verbose request uri https://registry.npmjs.org/resolve
102 verbose request no auth needed
103 info attempt registry request try #1 at 4:15:59 PM
104 verbose etag W/"58552958-b3a1"
105 verbose lastModified Sat, 17 Dec 2016 12:02:32 GMT
106 http request GET https://registry.npmjs.org/resolve
107 http 304 https://registry.npmjs.org/nopt
108 verbose headers { date: 'Tue, 24 Jan 2017 10:46:00 GMT',
108 verbose headers   via: '1.1 varnish',
108 verbose headers   'cache-control': 'max-age=300',
108 verbose headers   etag: 'W/"58518ed2-84a2"',
108 verbose headers   age: '130',
108 verbose headers   connection: 'keep-alive',
108 verbose headers   'x-served-by': 'cache-cdg8721-CDG',
108 verbose headers   'x-cache': 'HIT',
108 verbose headers   'x-cache-hits': '13',
108 verbose headers   'x-timer': 'S1485254760.360031,VS0,VE0',
108 verbose headers   vary: 'Accept-Encoding' }
109 silly get cb [ 304,
109 silly get   { date: 'Tue, 24 Jan 2017 10:46:00 GMT',
109 silly get     via: '1.1 varnish',
109 silly get     'cache-control': 'max-age=300',
109 silly get     etag: 'W/"58518ed2-84a2"',
109 silly get     age: '130',
109 silly get     connection: 'keep-alive',
109 silly get     'x-served-by': 'cache-cdg8721-CDG',
109 silly get     'x-cache': 'HIT',
109 silly get     'x-cache-hits': '13',
109 silly get     'x-timer': 'S1485254760.360031,VS0,VE0',
109 silly get     vary: 'Accept-Encoding' } ]
110 verbose etag https://registry.npmjs.org/nopt from cache
111 verbose get saving nopt to /home/adit/.npm/registry.npmjs.org/nopt/.cache.json
112 verbose correctMkdir /home/adit/.npm correctMkdir not in flight; initializing
113 http 304 https://registry.npmjs.org/resolve
114 verbose headers { date: 'Tue, 24 Jan 2017 10:46:00 GMT',
114 verbose headers   via: '1.1 varnish',
114 verbose headers   'cache-control': 'max-age=300',
114 verbose headers   etag: 'W/"58552958-b3a1"',
114 verbose headers   age: '149',
114 verbose headers   connection: 'keep-alive',
114 verbose headers   'x-served-by': 'cache-cdg8729-CDG',
114 verbose headers   'x-cache': 'HIT',
114 verbose headers   'x-cache-hits': '5',
114 verbose headers   'x-timer': 'S1485254760.360107,VS0,VE0',
114 verbose headers   vary: 'Accept-Encoding' }
115 silly get cb [ 304,
115 silly get   { date: 'Tue, 24 Jan 2017 10:46:00 GMT',
115 silly get     via: '1.1 varnish',
115 silly get     'cache-control': 'max-age=300',
115 silly get     etag: 'W/"58552958-b3a1"',
115 silly get     age: '149',
115 silly get     connection: 'keep-alive',
115 silly get     'x-served-by': 'cache-cdg8729-CDG',
115 silly get     'x-cache': 'HIT',
115 silly get     'x-cache-hits': '5',
115 silly get     'x-timer': 'S1485254760.360107,VS0,VE0',
115 silly get     vary: 'Accept-Encoding' } ]
116 verbose etag https://registry.npmjs.org/resolve from cache
117 verbose get saving resolve to /home/adit/.npm/registry.npmjs.org/resolve/.cache.json
118 verbose correctMkdir /home/adit/.npm correctMkdir not in flight; initializing
119 silly resolveWithNewModule nopt@3.0.6 checking installable status
120 silly cache add args [ 'nopt@~3.0.6', null ]
121 verbose cache add spec nopt@~3.0.6
122 silly cache add parsed spec Result {
122 silly cache add   raw: 'nopt@~3.0.6',
122 silly cache add   scope: null,
122 silly cache add   escapedName: 'nopt',
122 silly cache add   name: 'nopt',
122 silly cache add   rawSpec: '~3.0.6',
122 silly cache add   spec: '>=3.0.6 <3.1.0',
122 silly cache add   type: 'range' }
123 silly addNamed nopt@>=3.0.6 <3.1.0
124 verbose addNamed ">=3.0.6 <3.1.0" is a valid semver range for nopt
125 silly addNameRange { name: 'nopt', range: '>=3.0.6 <3.1.0', hasData: false }
126 silly mapToRegistry name nopt
127 silly mapToRegistry using default registry
128 silly mapToRegistry registry https://registry.npmjs.org/
129 silly mapToRegistry data Result {
129 silly mapToRegistry   raw: 'nopt',
129 silly mapToRegistry   scope: null,
129 silly mapToRegistry   escapedName: 'nopt',
129 silly mapToRegistry   name: 'nopt',
129 silly mapToRegistry   rawSpec: '',
129 silly mapToRegistry   spec: 'latest',
129 silly mapToRegistry   type: 'tag' }
130 silly mapToRegistry uri https://registry.npmjs.org/nopt
131 verbose addNameRange registry:https://registry.npmjs.org/nopt not in flight; fetching
132 silly resolveWithNewModule resolve@1.1.7 checking installable status
133 silly cache add args [ 'resolve@~1.1.0', null ]
134 verbose cache add spec resolve@~1.1.0
135 silly cache add parsed spec Result {
135 silly cache add   raw: 'resolve@~1.1.0',
135 silly cache add   scope: null,
135 silly cache add   escapedName: 'resolve',
135 silly cache add   name: 'resolve',
135 silly cache add   rawSpec: '~1.1.0',
135 silly cache add   spec: '>=1.1.0 <1.2.0',
135 silly cache add   type: 'range' }
136 silly addNamed resolve@>=1.1.0 <1.2.0
137 verbose addNamed ">=1.1.0 <1.2.0" is a valid semver range for resolve
138 silly addNameRange { name: 'resolve', range: '>=1.1.0 <1.2.0', hasData: false }
139 silly mapToRegistry name resolve
140 silly mapToRegistry using default registry
141 silly mapToRegistry registry https://registry.npmjs.org/
142 silly mapToRegistry data Result {
142 silly mapToRegistry   raw: 'resolve',
142 silly mapToRegistry   scope: null,
142 silly mapToRegistry   escapedName: 'resolve',
142 silly mapToRegistry   name: 'resolve',
142 silly mapToRegistry   rawSpec: '',
142 silly mapToRegistry   spec: 'latest',
142 silly mapToRegistry   type: 'tag' }
143 silly mapToRegistry uri https://registry.npmjs.org/resolve
144 verbose addNameRange registry:https://registry.npmjs.org/resolve not in flight; fetching
145 http 304 https://registry.npmjs.org/findup-sync
146 verbose headers { date: 'Tue, 24 Jan 2017 10:46:00 GMT',
146 verbose headers   via: '1.1 varnish',
146 verbose headers   'cache-control': 'max-age=300',
146 verbose headers   etag: 'W/"58552985-4ae2"',
146 verbose headers   age: '32',
146 verbose headers   connection: 'keep-alive',
146 verbose headers   'x-served-by': 'cache-cdg8724-CDG',
146 verbose headers   'x-cache': 'HIT',
146 verbose headers   'x-cache-hits': '1',
146 verbose headers   'x-timer': 'S1485254760.372721,VS0,VE0',
146 verbose headers   vary: 'Accept-Encoding' }
147 silly get cb [ 304,
147 silly get   { date: 'Tue, 24 Jan 2017 10:46:00 GMT',
147 silly get     via: '1.1 varnish',
147 silly get     'cache-control': 'max-age=300',
147 silly get     etag: 'W/"58552985-4ae2"',
147 silly get     age: '32',
147 silly get     connection: 'keep-alive',
147 silly get     'x-served-by': 'cache-cdg8724-CDG',
147 silly get     'x-cache': 'HIT',
147 silly get     'x-cache-hits': '1',
147 silly get     'x-timer': 'S1485254760.372721,VS0,VE0',
147 silly get     vary: 'Accept-Encoding' } ]
148 verbose etag https://registry.npmjs.org/findup-sync from cache
149 verbose get saving findup-sync to /home/adit/.npm/registry.npmjs.org/findup-sync/.cache.json
150 verbose correctMkdir /home/adit/.npm correctMkdir not in flight; initializing
151 http 304 https://registry.npmjs.org/grunt-known-options
152 verbose headers { date: 'Tue, 24 Jan 2017 10:46:00 GMT',
152 verbose headers   via: '1.1 varnish',
152 verbose headers   'cache-control': 'max-age=300',
152 verbose headers   etag: 'W/"56f9e838-dcc"',
152 verbose headers   age: '118',
152 verbose headers   connection: 'keep-alive',
152 verbose headers   'x-served-by': 'cache-cdg8722-CDG',
152 verbose headers   'x-cache': 'HIT',
152 verbose headers   'x-cache-hits': '40',
152 verbose headers   'x-timer': 'S1485254760.374858,VS0,VE0',
152 verbose headers   vary: 'Accept-Encoding' }
153 silly get cb [ 304,
153 silly get   { date: 'Tue, 24 Jan 2017 10:46:00 GMT',
153 silly get     via: '1.1 varnish',
153 silly get     'cache-control': 'max-age=300',
153 silly get     etag: 'W/"56f9e838-dcc"',
153 silly get     age: '118',
153 silly get     connection: 'keep-alive',
153 silly get     'x-served-by': 'cache-cdg8722-CDG',
153 silly get     'x-cache': 'HIT',
153 silly get     'x-cache-hits': '40',
153 silly get     'x-timer': 'S1485254760.374858,VS0,VE0',
153 silly get     vary: 'Accept-Encoding' } ]
154 verbose etag https://registry.npmjs.org/grunt-known-options from cache
155 verbose get saving grunt-known-options to /home/adit/.npm/registry.npmjs.org/grunt-known-options/.cache.json
156 verbose correctMkdir /home/adit/.npm correctMkdir not in flight; initializing
157 verbose get https://registry.npmjs.org/nopt not expired, no request
158 silly addNameRange number 2 { name: 'nopt', range: '>=3.0.6 <3.1.0', hasData: true }
159 silly addNameRange versions [ 'nopt',
159 silly addNameRange   [ '1.0.0',
159 silly addNameRange     '1.0.1',
159 silly addNameRange     '1.0.2',
159 silly addNameRange     '1.0.3',
159 silly addNameRange     '1.0.4',
159 silly addNameRange     '1.0.5',
159 silly addNameRange     '1.0.6',
159 silly addNameRange     '1.0.7',
159 silly addNameRange     '1.0.8',
159 silly addNameRange     '1.0.9',
159 silly addNameRange     '1.0.10',
159 silly addNameRange     '2.0.0',
159 silly addNameRange     '2.1.0',
159 silly addNameRange     '2.1.1',
159 silly addNameRange     '2.1.2',
159 silly addNameRange     '2.2.0',
159 silly addNameRange     '2.2.1',
159 silly addNameRange     '3.0.0',
159 silly addNameRange     '3.0.1',
159 silly addNameRange     '3.0.2',
159 silly addNameRange     '3.0.3',
159 silly addNameRange     '3.0.4',
159 silly addNameRange     '3.0.5',
159 silly addNameRange     '3.0.6',
159 silly addNameRange     '4.0.0',
159 silly addNameRange     '4.0.1' ] ]
160 silly addNamed nopt@3.0.6
161 verbose addNamed "3.0.6" is a plain semver version for nopt
162 verbose get https://registry.npmjs.org/resolve not expired, no request
163 silly addNameRange number 2 { name: 'resolve', range: '>=1.1.0 <1.2.0', hasData: true }
164 silly addNameRange versions [ 'resolve',
164 silly addNameRange   [ '0.0.0',
164 silly addNameRange     '0.0.1',
164 silly addNameRange     '0.0.2',
164 silly addNameRange     '0.0.3',
164 silly addNameRange     '0.0.4',
164 silly addNameRange     '0.1.0',
164 silly addNameRange     '0.1.2',
164 silly addNameRange     '0.1.3',
164 silly addNameRange     '0.2.0',
164 silly addNameRange     '0.2.1',
164 silly addNameRange     '0.2.2',
164 silly addNameRange     '0.2.3',
164 silly addNameRange     '0.2.4',
164 silly addNameRange     '0.2.5',
164 silly addNameRange     '0.2.6',
164 silly addNameRange     '0.2.7',
164 silly addNameRange     '0.2.8',
164 silly addNameRange     '0.3.0',
164 silly addNameRange     '0.3.1',
164 silly addNameRange     '0.4.0',
164 silly addNameRange     '0.4.1',
164 silly addNameRange     '0.4.2',
164 silly addNameRange     '0.4.3',
164 silly addNameRange     '0.5.0',
164 silly addNameRange     '0.5.1',
164 silly addNameRange     '0.6.0',
164 silly addNameRange     '0.6.1',
164 silly addNameRange     '0.6.2',
164 silly addNameRange     '0.6.3',
164 silly addNameRange     '0.7.0',
164 silly addNameRange     '0.7.1',
164 silly addNameRange     '0.7.2',
164 silly addNameRange     '0.7.3',
164 silly addNameRange     '0.7.4',
164 silly addNameRange     '1.0.0',
164 silly addNameRange     '1.1.0',
164 silly addNameRange     '1.1.2',
164 silly addNameRange     '1.1.3',
164 silly addNameRange     '1.1.4',
164 silly addNameRange     '1.1.5',
164 silly addNameRange     '1.1.6',
164 silly addNameRange     '1.1.7',
164 silly addNameRange     '1.2.0' ] ]
165 silly addNamed resolve@1.1.7
166 verbose addNamed "1.1.7" is a plain semver version for resolve
167 silly resolveWithNewModule findup-sync@0.3.0 checking installable status
168 silly cache add args [ 'findup-sync@~0.3.0', null ]
169 verbose cache add spec findup-sync@~0.3.0
170 silly cache add parsed spec Result {
170 silly cache add   raw: 'findup-sync@~0.3.0',
170 silly cache add   scope: null,
170 silly cache add   escapedName: 'findup-sync',
170 silly cache add   name: 'findup-sync',
170 silly cache add   rawSpec: '~0.3.0',
170 silly cache add   spec: '>=0.3.0 <0.4.0',
170 silly cache add   type: 'range' }
171 silly addNamed findup-sync@>=0.3.0 <0.4.0
172 verbose addNamed ">=0.3.0 <0.4.0" is a valid semver range for findup-sync
173 silly addNameRange { name: 'findup-sync', range: '>=0.3.0 <0.4.0', hasData: false }
174 silly mapToRegistry name findup-sync
175 silly mapToRegistry using default registry
176 silly mapToRegistry registry https://registry.npmjs.org/
177 silly mapToRegistry data Result {
177 silly mapToRegistry   raw: 'findup-sync',
177 silly mapToRegistry   scope: null,
177 silly mapToRegistry   escapedName: 'findup-sync',
177 silly mapToRegistry   name: 'findup-sync',
177 silly mapToRegistry   rawSpec: '',
177 silly mapToRegistry   spec: 'latest',
177 silly mapToRegistry   type: 'tag' }
178 silly mapToRegistry uri https://registry.npmjs.org/findup-sync
179 verbose addNameRange registry:https://registry.npmjs.org/findup-sync not in flight; fetching
180 silly resolveWithNewModule grunt-known-options@1.1.0 checking installable status
181 silly cache add args [ 'grunt-known-options@~1.1.0', null ]
182 verbose cache add spec grunt-known-options@~1.1.0
183 silly cache add parsed spec Result {
183 silly cache add   raw: 'grunt-known-options@~1.1.0',
183 silly cache add   scope: null,
183 silly cache add   escapedName: 'grunt-known-options',
183 silly cache add   name: 'grunt-known-options',
183 silly cache add   rawSpec: '~1.1.0',
183 silly cache add   spec: '>=1.1.0 <1.2.0',
183 silly cache add   type: 'range' }
184 silly addNamed grunt-known-options@>=1.1.0 <1.2.0
185 verbose addNamed ">=1.1.0 <1.2.0" is a valid semver range for grunt-known-options
186 silly addNameRange { name: 'grunt-known-options',
186 silly addNameRange   range: '>=1.1.0 <1.2.0',
186 silly addNameRange   hasData: false }
187 silly mapToRegistry name grunt-known-options
188 silly mapToRegistry using default registry
189 silly mapToRegistry registry https://registry.npmjs.org/
190 silly mapToRegistry data Result {
190 silly mapToRegistry   raw: 'grunt-known-options',
190 silly mapToRegistry   scope: null,
190 silly mapToRegistry   escapedName: 'grunt-known-options',
190 silly mapToRegistry   name: 'grunt-known-options',
190 silly mapToRegistry   rawSpec: '',
190 silly mapToRegistry   spec: 'latest',
190 silly mapToRegistry   type: 'tag' }
191 silly mapToRegistry uri https://registry.npmjs.org/grunt-known-options
192 verbose addNameRange registry:https://registry.npmjs.org/grunt-known-options not in flight; fetching
193 silly cache afterAdd resolve@1.1.7
194 verbose afterAdd /home/adit/.npm/resolve/1.1.7/package/package.json not in flight; writing
195 verbose correctMkdir /home/adit/.npm correctMkdir not in flight; initializing
196 silly cache afterAdd nopt@3.0.6
197 verbose afterAdd /home/adit/.npm/nopt/3.0.6/package/package.json not in flight; writing
198 verbose correctMkdir /home/adit/.npm correctMkdir not in flight; initializing
199 verbose get https://registry.npmjs.org/findup-sync not expired, no request
200 silly addNameRange number 2 { name: 'findup-sync', range: '>=0.3.0 <0.4.0', hasData: true }
201 silly addNameRange versions [ 'findup-sync',
201 silly addNameRange   [ '0.1.0',
201 silly addNameRange     '0.1.1',
201 silly addNameRange     '0.1.2',
201 silly addNameRange     '0.1.3',
201 silly addNameRange     '0.2.0',
201 silly addNameRange     '0.2.1',
201 silly addNameRange     '0.3.0',
201 silly addNameRange     '0.4.0',
201 silly addNameRange     '0.4.1',
201 silly addNameRange     '0.4.2',
201 silly addNameRange     '0.4.3' ] ]
202 silly addNamed findup-sync@0.3.0
203 verbose addNamed "0.3.0" is a plain semver version for findup-sync
204 verbose get https://registry.npmjs.org/grunt-known-options not expired, no request
205 silly addNameRange number 2 { name: 'grunt-known-options',
205 silly addNameRange   range: '>=1.1.0 <1.2.0',
205 silly addNameRange   hasData: true }
206 silly addNameRange versions [ 'grunt-known-options', [ '1.0.0', '1.1.0' ] ]
207 silly addNamed grunt-known-options@1.1.0
208 verbose addNamed "1.1.0" is a plain semver version for grunt-known-options
209 verbose afterAdd /home/adit/.npm/nopt/3.0.6/package/package.json written
210 verbose afterAdd /home/adit/.npm/resolve/1.1.7/package/package.json written
211 silly cache afterAdd findup-sync@0.3.0
212 verbose afterAdd /home/adit/.npm/findup-sync/0.3.0/package/package.json not in flight; writing
213 verbose correctMkdir /home/adit/.npm correctMkdir not in flight; initializing
214 silly cache afterAdd grunt-known-options@1.1.0
215 verbose afterAdd /home/adit/.npm/grunt-known-options/1.1.0/package/package.json not in flight; writing
216 verbose correctMkdir /home/adit/.npm correctMkdir not in flight; initializing
217 verbose afterAdd /home/adit/.npm/findup-sync/0.3.0/package/package.json written
218 verbose afterAdd /home/adit/.npm/grunt-known-options/1.1.0/package/package.json written
219 silly fetchNamedPackageData glob
220 silly mapToRegistry name glob
221 silly mapToRegistry using default registry
222 silly mapToRegistry registry https://registry.npmjs.org/
223 silly mapToRegistry data Result {
223 silly mapToRegistry   raw: 'glob',
223 silly mapToRegistry   scope: null,
223 silly mapToRegistry   escapedName: 'glob',
223 silly mapToRegistry   name: 'glob',
223 silly mapToRegistry   rawSpec: '',
223 silly mapToRegistry   spec: 'latest',
223 silly mapToRegistry   type: 'tag' }
224 silly mapToRegistry uri https://registry.npmjs.org/glob
225 verbose request uri https://registry.npmjs.org/glob
226 verbose request no auth needed
227 info attempt registry request try #1 at 4:15:59 PM
228 verbose etag W/"5879de32-1f5be"
229 verbose lastModified Sat, 14 Jan 2017 08:15:46 GMT
230 http request GET https://registry.npmjs.org/glob
231 http 200 https://registry.npmjs.org/glob
232 verbose headers { server: 'nginx/1.10.1',
232 verbose headers   'content-type': 'application/json',
232 verbose headers   'last-modified': 'Sun, 22 Jan 2017 02:45:48 GMT',
232 verbose headers   etag: 'W/"58841cdc-1f5ea"',
232 verbose headers   'content-encoding': 'gzip',
232 verbose headers   'cache-control': 'max-age=300',
232 verbose headers   'content-length': '17824',
232 verbose headers   'accept-ranges': 'bytes',
232 verbose headers   date: 'Tue, 24 Jan 2017 10:46:00 GMT',
232 verbose headers   via: '1.1 varnish',
232 verbose headers   age: '139',
232 verbose headers   connection: 'keep-alive',
232 verbose headers   'x-served-by': 'cache-cdg8731-CDG',
232 verbose headers   'x-cache': 'HIT',
232 verbose headers   'x-cache-hits': '16',
232 verbose headers   'x-timer': 'S1485254760.875485,VS0,VE0',
232 verbose headers   vary: 'Accept-Encoding' }
233 silly get cb [ 200,
233 silly get   { server: 'nginx/1.10.1',
233 silly get     'content-type': 'application/json',
233 silly get     'last-modified': 'Sun, 22 Jan 2017 02:45:48 GMT',
233 silly get     etag: 'W/"58841cdc-1f5ea"',
233 silly get     'content-encoding': 'gzip',
233 silly get     'cache-control': 'max-age=300',
233 silly get     'content-length': '17824',
233 silly get     'accept-ranges': 'bytes',
233 silly get     date: 'Tue, 24 Jan 2017 10:46:00 GMT',
233 silly get     via: '1.1 varnish',
233 silly get     age: '139',
233 silly get     connection: 'keep-alive',
233 silly get     'x-served-by': 'cache-cdg8731-CDG',
233 silly get     'x-cache': 'HIT',
233 silly get     'x-cache-hits': '16',
233 silly get     'x-timer': 'S1485254760.875485,VS0,VE0',
233 silly get     vary: 'Accept-Encoding' } ]
234 verbose get saving glob to /home/adit/.npm/registry.npmjs.org/glob/.cache.json
235 verbose correctMkdir /home/adit/.npm correctMkdir not in flight; initializing
236 silly resolveWithNewModule glob@5.0.15 checking installable status
237 silly cache add args [ 'glob@~5.0.0', null ]
238 verbose cache add spec glob@~5.0.0
239 silly cache add parsed spec Result {
239 silly cache add   raw: 'glob@~5.0.0',
239 silly cache add   scope: null,
239 silly cache add   escapedName: 'glob',
239 silly cache add   name: 'glob',
239 silly cache add   rawSpec: '~5.0.0',
239 silly cache add   spec: '>=5.0.0 <5.1.0',
239 silly cache add   type: 'range' }
240 silly addNamed glob@>=5.0.0 <5.1.0
241 verbose addNamed ">=5.0.0 <5.1.0" is a valid semver range for glob
242 silly addNameRange { name: 'glob', range: '>=5.0.0 <5.1.0', hasData: false }
243 silly mapToRegistry name glob
244 silly mapToRegistry using default registry
245 silly mapToRegistry registry https://registry.npmjs.org/
246 silly mapToRegistry data Result {
246 silly mapToRegistry   raw: 'glob',
246 silly mapToRegistry   scope: null,
246 silly mapToRegistry   escapedName: 'glob',
246 silly mapToRegistry   name: 'glob',
246 silly mapToRegistry   rawSpec: '',
246 silly mapToRegistry   spec: 'latest',
246 silly mapToRegistry   type: 'tag' }
247 silly mapToRegistry uri https://registry.npmjs.org/glob
248 verbose addNameRange registry:https://registry.npmjs.org/glob not in flight; fetching
249 verbose get https://registry.npmjs.org/glob not expired, no request
250 silly addNameRange number 2 { name: 'glob', range: '>=5.0.0 <5.1.0', hasData: true }
251 silly addNameRange versions [ 'glob',
251 silly addNameRange   [ '1.1.0',
251 silly addNameRange     '2.0.9',
251 silly addNameRange     '2.0.8',
251 silly addNameRange     '2.0.7',
251 silly addNameRange     '2.1.0',
251 silly addNameRange     '3.0.0',
251 silly addNameRange     '3.0.1',
251 silly addNameRange     '3.1.0',
251 silly addNameRange     '3.1.1',
251 silly addNameRange     '3.1.2',
251 silly addNameRange     '3.1.3',
251 silly addNameRange     '3.1.4',
251 silly addNameRange     '3.1.5',
251 silly addNameRange     '3.1.6',
251 silly addNameRange     '3.1.7',
251 silly addNameRange     '3.1.9',
251 silly addNameRange     '3.1.10',
251 silly addNameRange     '3.1.11',
251 silly addNameRange     '3.1.12',
251 silly addNameRange     '3.1.13',
251 silly addNameRange     '3.1.14',
251 silly addNameRange     '3.1.15',
251 silly addNameRange     '3.1.16',
251 silly addNameRange     '3.1.17',
251 silly addNameRange     '3.1.18',
251 silly addNameRange     '3.1.19',
251 silly addNameRange     '3.1.20',
251 silly addNameRange     '3.1.21',
251 silly addNameRange     '3.2.0',
251 silly addNameRange     '3.2.1',
251 silly addNameRange     '3.2.3',
251 silly addNameRange     '3.2.4',
251 silly addNameRange     '3.2.5',
251 silly addNameRange     '3.2.6',
251 silly addNameRange     '3.2.7',
251 silly addNameRange     '3.2.8',
251 silly addNameRange     '3.2.9',
251 silly addNameRange     '3.2.10',
251 silly addNameRange     '3.2.11',
251 silly addNameRange     '4.0.0',
251 silly addNameRange     '4.0.1',
251 silly addNameRange     '4.0.2',
251 silly addNameRange     '4.0.3',
251 silly addNameRange     '4.0.4',
251 silly addNameRange     '4.0.5',
251 silly addNameRange     '4.0.6',
251 silly addNameRange     '4.1.2-beta',
251 silly addNameRange     '4.1.2',
251 silly addNameRange     '4.1.3',
251 silly addNameRange     '4.1.4',
251 silly addNameRange     '4.1.5',
251 silly addNameRange     '4.1.6',
251 silly addNameRange     '4.2.0',
251 silly addNameRange     '4.2.1',
251 silly addNameRange     '4.2.2',
251 silly addNameRange     '4.3.0',
251 silly addNameRange     '4.3.1',
251 silly addNameRange     '4.3.2',
251 silly addNameRange     '4.3.3',
251 silly addNameRange     '4.3.4',
251 silly addNameRange     '4.3.5',
251 silly addNameRange     '4.4.0',
251 silly addNameRange     '4.4.2',
251 silly addNameRange     '4.5.0',
251 silly addNameRange     '5.0.0',
251 silly addNameRange     '4.5.1',
251 silly addNameRange     '5.0.1',
251 silly addNameRange     '4.5.2',
251 silly addNameRange     '5.0.2',
251 silly addNameRange     '4.5.3',
251 silly addNameRange     '5.0.3',
251 silly addNameRange     '5.0.4',
251 silly addNameRange     '5.0.5',
251 silly addNameRange     '5.0.6',
251 silly addNameRange     '5.0.7',
251 silly addNameRange     '5.0.9',
251 silly addNameRange     '5.0.10',
251 silly addNameRange     '5.0.11',
251 silly addNameRange     '5.0.12',
251 silly addNameRange     '5.0.13',
251 silly addNameRange     '5.0.14',
251 silly addNameRange     '5.0.15',
251 silly addNameRange     '6.0.1',
251 silly addNameRange     '6.0.2',
251 silly addNameRange     '6.0.3',
251 silly addNameRange     '6.0.4',
251 silly addNameRange     '7.0.0',
251 silly addNameRange     '7.0.1',
251 silly addNameRange     '7.0.3',
251 silly addNameRange     '7.0.4',
251 silly addNameRange     '7.0.5',
251 silly addNameRange     '7.0.6',
251 silly addNameRange     '7.1.0',
251 silly addNameRange     '7.1.1' ] ]
252 silly addNamed glob@5.0.15
253 verbose addNamed "5.0.15" is a plain semver version for glob
254 silly cache afterAdd glob@5.0.15
255 verbose afterAdd /home/adit/.npm/glob/5.0.15/package/package.json not in flight; writing
256 verbose correctMkdir /home/adit/.npm correctMkdir not in flight; initializing
257 verbose afterAdd /home/adit/.npm/glob/5.0.15/package/package.json written
258 silly fetchNamedPackageData inflight
259 silly mapToRegistry name inflight
260 silly mapToRegistry using default registry
261 silly mapToRegistry registry https://registry.npmjs.org/
262 silly mapToRegistry data Result {
262 silly mapToRegistry   raw: 'inflight',
262 silly mapToRegistry   scope: null,
262 silly mapToRegistry   escapedName: 'inflight',
262 silly mapToRegistry   name: 'inflight',
262 silly mapToRegistry   rawSpec: '',
262 silly mapToRegistry   spec: 'latest',
262 silly mapToRegistry   type: 'tag' }
263 silly mapToRegistry uri https://registry.npmjs.org/inflight
264 silly fetchNamedPackageData inherits
265 silly mapToRegistry name inherits
266 silly mapToRegistry using default registry
267 silly mapToRegistry registry https://registry.npmjs.org/
268 silly mapToRegistry data Result {
268 silly mapToRegistry   raw: 'inherits',
268 silly mapToRegistry   scope: null,
268 silly mapToRegistry   escapedName: 'inherits',
268 silly mapToRegistry   name: 'inherits',
268 silly mapToRegistry   rawSpec: '',
268 silly mapToRegistry   spec: 'latest',
268 silly mapToRegistry   type: 'tag' }
269 silly mapToRegistry uri https://registry.npmjs.org/inherits
270 silly fetchNamedPackageData minimatch
271 silly mapToRegistry name minimatch
272 silly mapToRegistry using default registry
273 silly mapToRegistry registry https://registry.npmjs.org/
274 silly mapToRegistry data Result {
274 silly mapToRegistry   raw: 'minimatch',
274 silly mapToRegistry   scope: null,
274 silly mapToRegistry   escapedName: 'minimatch',
274 silly mapToRegistry   name: 'minimatch',
274 silly mapToRegistry   rawSpec: '',
274 silly mapToRegistry   spec: 'latest',
274 silly mapToRegistry   type: 'tag' }
275 silly mapToRegistry uri https://registry.npmjs.org/minimatch
276 silly fetchNamedPackageData once
277 silly mapToRegistry name once
278 silly mapToRegistry using default registry
279 silly mapToRegistry registry https://registry.npmjs.org/
280 silly mapToRegistry data Result {
280 silly mapToRegistry   raw: 'once',
280 silly mapToRegistry   scope: null,
280 silly mapToRegistry   escapedName: 'once',
280 silly mapToRegistry   name: 'once',
280 silly mapToRegistry   rawSpec: '',
280 silly mapToRegistry   spec: 'latest',
280 silly mapToRegistry   type: 'tag' }
281 silly mapToRegistry uri https://registry.npmjs.org/once
282 silly fetchNamedPackageData path-is-absolute
283 silly mapToRegistry name path-is-absolute
284 silly mapToRegistry using default registry
285 silly mapToRegistry registry https://registry.npmjs.org/
286 silly mapToRegistry data Result {
286 silly mapToRegistry   raw: 'path-is-absolute',
286 silly mapToRegistry   scope: null,
286 silly mapToRegistry   escapedName: 'path-is-absolute',
286 silly mapToRegistry   name: 'path-is-absolute',
286 silly mapToRegistry   rawSpec: '',
286 silly mapToRegistry   spec: 'latest',
286 silly mapToRegistry   type: 'tag' }
287 silly mapToRegistry uri https://registry.npmjs.org/path-is-absolute
288 verbose request uri https://registry.npmjs.org/inflight
289 verbose request no auth needed
290 info attempt registry request try #1 at 4:16:00 PM
291 verbose etag W/"5818d131-25a6"
292 verbose lastModified Tue, 01 Nov 2016 17:30:25 GMT
293 http request GET https://registry.npmjs.org/inflight
294 verbose request uri https://registry.npmjs.org/inherits
295 verbose request no auth needed
296 info attempt registry request try #1 at 4:16:00 PM
297 verbose etag W/"584f5bc9-222c"
298 verbose lastModified Tue, 13 Dec 2016 02:24:09 GMT
299 http request GET https://registry.npmjs.org/inherits
300 verbose request uri https://registry.npmjs.org/once
301 verbose request no auth needed
302 info attempt registry request try #1 at 4:16:00 PM
303 verbose etag W/"5865db24-25b5"
304 verbose lastModified Fri, 30 Dec 2016 03:57:24 GMT
305 http request GET https://registry.npmjs.org/once
306 verbose request uri https://registry.npmjs.org/minimatch
307 verbose request no auth needed
308 info attempt registry request try #1 at 4:16:00 PM
309 verbose etag W/"58633713-cbcb"
310 verbose lastModified Wed, 28 Dec 2016 03:52:51 GMT
311 http request GET https://registry.npmjs.org/minimatch
312 verbose request uri https://registry.npmjs.org/path-is-absolute
313 verbose request no auth needed
314 info attempt registry request try #1 at 4:16:00 PM
315 verbose etag W/"5818d860-1312"
316 verbose lastModified Tue, 01 Nov 2016 18:01:04 GMT
317 http request GET https://registry.npmjs.org/path-is-absolute
318 http 304 https://registry.npmjs.org/inflight
319 verbose headers { date: 'Tue, 24 Jan 2017 10:46:01 GMT',
319 verbose headers   via: '1.1 varnish',
319 verbose headers   'cache-control': 'max-age=300',
319 verbose headers   etag: 'W/"5818d131-25a6"',
319 verbose headers   age: '204',
319 verbose headers   connection: 'keep-alive',
319 verbose headers   'x-served-by': 'cache-cdg8724-CDG',
319 verbose headers   'x-cache': 'HIT',
319 verbose headers   'x-cache-hits': '12',
319 verbose headers   'x-timer': 'S1485254761.507923,VS0,VE0',
319 verbose headers   vary: 'Accept-Encoding' }
320 silly get cb [ 304,
320 silly get   { date: 'Tue, 24 Jan 2017 10:46:01 GMT',
320 silly get     via: '1.1 varnish',
320 silly get     'cache-control': 'max-age=300',
320 silly get     etag: 'W/"5818d131-25a6"',
320 silly get     age: '204',
320 silly get     connection: 'keep-alive',
320 silly get     'x-served-by': 'cache-cdg8724-CDG',
320 silly get     'x-cache': 'HIT',
320 silly get     'x-cache-hits': '12',
320 silly get     'x-timer': 'S1485254761.507923,VS0,VE0',
320 silly get     vary: 'Accept-Encoding' } ]
321 verbose etag https://registry.npmjs.org/inflight from cache
322 verbose get saving inflight to /home/adit/.npm/registry.npmjs.org/inflight/.cache.json
323 verbose correctMkdir /home/adit/.npm correctMkdir not in flight; initializing
324 http 304 https://registry.npmjs.org/minimatch
325 verbose headers { date: 'Tue, 24 Jan 2017 10:46:01 GMT',
325 verbose headers   via: '1.1 varnish',
325 verbose headers   'cache-control': 'max-age=300',
325 verbose headers   etag: 'W/"58633713-cbcb"',
325 verbose headers   age: '194',
325 verbose headers   connection: 'keep-alive',
325 verbose headers   'x-served-by': 'cache-cdg8734-CDG',
325 verbose headers   'x-cache': 'HIT',
325 verbose headers   'x-cache-hits': '879',
325 verbose headers   'x-timer': 'S1485254761.509137,VS0,VE0',
325 verbose headers   vary: 'Accept-Encoding' }
326 silly get cb [ 304,
326 silly get   { date: 'Tue, 24 Jan 2017 10:46:01 GMT',
326 silly get     via: '1.1 varnish',
326 silly get     'cache-control': 'max-age=300',
326 silly get     etag: 'W/"58633713-cbcb"',
326 silly get     age: '194',
326 silly get     connection: 'keep-alive',
326 silly get     'x-served-by': 'cache-cdg8734-CDG',
326 silly get     'x-cache': 'HIT',
326 silly get     'x-cache-hits': '879',
326 silly get     'x-timer': 'S1485254761.509137,VS0,VE0',
326 silly get     vary: 'Accept-Encoding' } ]
327 verbose etag https://registry.npmjs.org/minimatch from cache
328 verbose get saving minimatch to /home/adit/.npm/registry.npmjs.org/minimatch/.cache.json
329 verbose correctMkdir /home/adit/.npm correctMkdir not in flight; initializing
330 silly resolveWithNewModule inflight@1.0.6 checking installable status
331 silly cache add args [ 'inflight@^1.0.4', null ]
332 verbose cache add spec inflight@^1.0.4
333 silly cache add parsed spec Result {
333 silly cache add   raw: 'inflight@^1.0.4',
333 silly cache add   scope: null,
333 silly cache add   escapedName: 'inflight',
333 silly cache add   name: 'inflight',
333 silly cache add   rawSpec: '^1.0.4',
333 silly cache add   spec: '>=1.0.4 <2.0.0',
333 silly cache add   type: 'range' }
334 silly addNamed inflight@>=1.0.4 <2.0.0
335 verbose addNamed ">=1.0.4 <2.0.0" is a valid semver range for inflight
336 silly addNameRange { name: 'inflight', range: '>=1.0.4 <2.0.0', hasData: false }
337 silly mapToRegistry name inflight
338 silly mapToRegistry using default registry
339 silly mapToRegistry registry https://registry.npmjs.org/
340 silly mapToRegistry data Result {
340 silly mapToRegistry   raw: 'inflight',
340 silly mapToRegistry   scope: null,
340 silly mapToRegistry   escapedName: 'inflight',
340 silly mapToRegistry   name: 'inflight',
340 silly mapToRegistry   rawSpec: '',
340 silly mapToRegistry   spec: 'latest',
340 silly mapToRegistry   type: 'tag' }
341 silly mapToRegistry uri https://registry.npmjs.org/inflight
342 verbose addNameRange registry:https://registry.npmjs.org/inflight not in flight; fetching
343 silly resolveWithNewModule minimatch@3.0.3 checking installable status
344 silly cache add args [ 'minimatch@2 || 3', null ]
345 verbose cache add spec minimatch@2 || 3
346 silly cache add parsed spec Result {
346 silly cache add   raw: 'minimatch@2 || 3',
346 silly cache add   scope: null,
346 silly cache add   escapedName: 'minimatch',
346 silly cache add   name: 'minimatch',
346 silly cache add   rawSpec: '2 || 3',
346 silly cache add   spec: '>=2.0.0 <3.0.0||>=3.0.0 <4.0.0',
346 silly cache add   type: 'range' }
347 silly addNamed minimatch@>=2.0.0 <3.0.0||>=3.0.0 <4.0.0
348 verbose addNamed ">=2.0.0 <3.0.0||>=3.0.0 <4.0.0" is a valid semver range for minimatch
349 silly addNameRange { name: 'minimatch',
349 silly addNameRange   range: '>=2.0.0 <3.0.0||>=3.0.0 <4.0.0',
349 silly addNameRange   hasData: false }
350 silly mapToRegistry name minimatch
351 silly mapToRegistry using default registry
352 silly mapToRegistry registry https://registry.npmjs.org/
353 silly mapToRegistry data Result {
353 silly mapToRegistry   raw: 'minimatch',
353 silly mapToRegistry   scope: null,
353 silly mapToRegistry   escapedName: 'minimatch',
353 silly mapToRegistry   name: 'minimatch',
353 silly mapToRegistry   rawSpec: '',
353 silly mapToRegistry   spec: 'latest',
353 silly mapToRegistry   type: 'tag' }
354 silly mapToRegistry uri https://registry.npmjs.org/minimatch
355 verbose addNameRange registry:https://registry.npmjs.org/minimatch not in flight; fetching
356 http 304 https://registry.npmjs.org/path-is-absolute
357 verbose headers { date: 'Tue, 24 Jan 2017 10:46:01 GMT',
357 verbose headers   via: '1.1 varnish',
357 verbose headers   'cache-control': 'max-age=300',
357 verbose headers   etag: 'W/"5818d860-1312"',
357 verbose headers   age: '165',
357 verbose headers   connection: 'keep-alive',
357 verbose headers   'x-served-by': 'cache-cdg8735-CDG',
357 verbose headers   'x-cache': 'HIT',
357 verbose headers   'x-cache-hits': '12',
357 verbose headers   'x-timer': 'S1485254761.524678,VS0,VE0',
357 verbose headers   vary: 'Accept-Encoding' }
358 silly get cb [ 304,
358 silly get   { date: 'Tue, 24 Jan 2017 10:46:01 GMT',
358 silly get     via: '1.1 varnish',
358 silly get     'cache-control': 'max-age=300',
358 silly get     etag: 'W/"5818d860-1312"',
358 silly get     age: '165',
358 silly get     connection: 'keep-alive',
358 silly get     'x-served-by': 'cache-cdg8735-CDG',
358 silly get     'x-cache': 'HIT',
358 silly get     'x-cache-hits': '12',
358 silly get     'x-timer': 'S1485254761.524678,VS0,VE0',
358 silly get     vary: 'Accept-Encoding' } ]
359 verbose etag https://registry.npmjs.org/path-is-absolute from cache
360 verbose get saving path-is-absolute to /home/adit/.npm/registry.npmjs.org/path-is-absolute/.cache.json
361 verbose correctMkdir /home/adit/.npm correctMkdir not in flight; initializing
362 verbose get https://registry.npmjs.org/inflight not expired, no request
363 silly addNameRange number 2 { name: 'inflight', range: '>=1.0.4 <2.0.0', hasData: true }
364 silly addNameRange versions [ 'inflight',
364 silly addNameRange   [ '1.0.0', '1.0.1', '1.0.2', '1.0.3', '1.0.4', '1.0.5', '1.0.6' ] ]
365 silly addNamed inflight@1.0.6
366 verbose addNamed "1.0.6" is a plain semver version for inflight
367 http 200 https://registry.npmjs.org/inherits
368 verbose headers { server: 'nginx/1.10.1',
368 verbose headers   'content-type': 'application/json',
368 verbose headers   'last-modified': 'Fri, 20 Jan 2017 11:01:19 GMT',
368 verbose headers   etag: 'W/"5881edff-2213"',
368 verbose headers   'content-encoding': 'gzip',
368 verbose headers   'cache-control': 'max-age=300',
368 verbose headers   'content-length': '2454',
368 verbose headers   'accept-ranges': 'bytes',
368 verbose headers   date: 'Tue, 24 Jan 2017 10:46:01 GMT',
368 verbose headers   via: '1.1 varnish',
368 verbose headers   age: '260',
368 verbose headers   connection: 'keep-alive',
368 verbose headers   'x-served-by': 'cache-cdg8730-CDG',
368 verbose headers   'x-cache': 'HIT',
368 verbose headers   'x-cache-hits': '44',
368 verbose headers   'x-timer': 'S1485254761.525113,VS0,VE0',
368 verbose headers   vary: 'Accept-Encoding' }
369 silly get cb [ 200,
369 silly get   { server: 'nginx/1.10.1',
369 silly get     'content-type': 'application/json',
369 silly get     'last-modified': 'Fri, 20 Jan 2017 11:01:19 GMT',
369 silly get     etag: 'W/"5881edff-2213"',
369 silly get     'content-encoding': 'gzip',
369 silly get     'cache-control': 'max-age=300',
369 silly get     'content-length': '2454',
369 silly get     'accept-ranges': 'bytes',
369 silly get     date: 'Tue, 24 Jan 2017 10:46:01 GMT',
369 silly get     via: '1.1 varnish',
369 silly get     age: '260',
369 silly get     connection: 'keep-alive',
369 silly get     'x-served-by': 'cache-cdg8730-CDG',
369 silly get     'x-cache': 'HIT',
369 silly get     'x-cache-hits': '44',
369 silly get     'x-timer': 'S1485254761.525113,VS0,VE0',
369 silly get     vary: 'Accept-Encoding' } ]
370 verbose get saving inherits to /home/adit/.npm/registry.npmjs.org/inherits/.cache.json
371 verbose correctMkdir /home/adit/.npm correctMkdir not in flight; initializing
372 http 200 https://registry.npmjs.org/once
373 verbose headers { server: 'nginx/1.10.1',
373 verbose headers   'content-type': 'application/json',
373 verbose headers   'last-modified': 'Fri, 20 Jan 2017 02:25:41 GMT',
373 verbose headers   etag: 'W/"58817525-25c4"',
373 verbose headers   'content-encoding': 'gzip',
373 verbose headers   'cache-control': 'max-age=300',
373 verbose headers   'content-length': '2419',
373 verbose headers   'accept-ranges': 'bytes',
373 verbose headers   date: 'Tue, 24 Jan 2017 10:46:01 GMT',
373 verbose headers   via: '1.1 varnish',
373 verbose headers   age: '100',
373 verbose headers   connection: 'keep-alive',
373 verbose headers   'x-served-by': 'cache-cdg8734-CDG',
373 verbose headers   'x-cache': 'HIT',
373 verbose headers   'x-cache-hits': '15',
373 verbose headers   'x-timer': 'S1485254761.530692,VS0,VE0',
373 verbose headers   vary: 'Accept-Encoding' }
374 silly get cb [ 200,
374 silly get   { server: 'nginx/1.10.1',
374 silly get     'content-type': 'application/json',
374 silly get     'last-modified': 'Fri, 20 Jan 2017 02:25:41 GMT',
374 silly get     etag: 'W/"58817525-25c4"',
374 silly get     'content-encoding': 'gzip',
374 silly get     'cache-control': 'max-age=300',
374 silly get     'content-length': '2419',
374 silly get     'accept-ranges': 'bytes',
374 silly get     date: 'Tue, 24 Jan 2017 10:46:01 GMT',
374 silly get     via: '1.1 varnish',
374 silly get     age: '100',
374 silly get     connection: 'keep-alive',
374 silly get     'x-served-by': 'cache-cdg8734-CDG',
374 silly get     'x-cache': 'HIT',
374 silly get     'x-cache-hits': '15',
374 silly get     'x-timer': 'S1485254761.530692,VS0,VE0',
374 silly get     vary: 'Accept-Encoding' } ]
375 verbose get saving once to /home/adit/.npm/registry.npmjs.org/once/.cache.json
376 verbose correctMkdir /home/adit/.npm correctMkdir not in flight; initializing
377 verbose get https://registry.npmjs.org/minimatch not expired, no request
378 silly addNameRange number 2 { name: 'minimatch',
378 silly addNameRange   range: '>=2.0.0 <3.0.0||>=3.0.0 <4.0.0',
378 silly addNameRange   hasData: true }
379 silly addNameRange versions [ 'minimatch',
379 silly addNameRange   [ '0.0.1',
379 silly addNameRange     '0.0.2',
379 silly addNameRange     '0.0.4',
379 silly addNameRange     '0.0.5',
379 silly addNameRange     '0.1.1',
379 silly addNameRange     '0.1.2',
379 silly addNameRange     '0.1.3',
379 silly addNameRange     '0.1.4',
379 silly addNameRange     '0.1.5',
379 silly addNameRange     '0.2.0',
379 silly addNameRange     '0.2.2',
379 silly addNameRange     '0.2.3',
379 silly addNameRange     '0.2.4',
379 silly addNameRange     '0.2.5',
379 silly addNameRange     '0.2.6',
379 silly addNameRange     '0.2.7',
379 silly addNameRange     '0.2.8',
379 silly addNameRange     '0.2.9',
379 silly addNameRange     '0.2.10',
379 silly addNameRange     '0.2.11',
379 silly addNameRange     '0.2.12',
379 silly addNameRange     '0.2.13',
379 silly addNameRange     '0.2.14',
379 silly addNameRange     '0.3.0',
379 silly addNameRange     '0.4.0',
379 silly addNameRange     '1.0.0',
379 silly addNameRange     '2.0.0',
379 silly addNameRange     '2.0.1',
379 silly addNameRange     '2.0.2',
379 silly addNameRange     '2.0.3',
379 silly addNameRange     '2.0.4',
379 silly addNameRange     '2.0.5',
379 silly addNameRange     '2.0.6',
379 silly addNameRange     '2.0.7',
379 silly addNameRange     '2.0.8',
379 silly addNameRange     '2.0.9',
379 silly addNameRange     '2.0.10',
379 silly addNameRange     '3.0.0',
379 silly addNameRange     '3.0.2',
379 silly addNameRange     '3.0.3' ] ]
380 silly addNamed minimatch@3.0.3
381 verbose addNamed "3.0.3" is a plain semver version for minimatch
382 silly cache afterAdd inflight@1.0.6
383 verbose afterAdd /home/adit/.npm/inflight/1.0.6/package/package.json not in flight; writing
384 verbose correctMkdir /home/adit/.npm correctMkdir not in flight; initializing
385 silly resolveWithNewModule path-is-absolute@1.0.1 checking installable status
386 silly cache add args [ 'path-is-absolute@^1.0.0', null ]
387 verbose cache add spec path-is-absolute@^1.0.0
388 silly cache add parsed spec Result {
388 silly cache add   raw: 'path-is-absolute@^1.0.0',
388 silly cache add   scope: null,
388 silly cache add   escapedName: 'path-is-absolute',
388 silly cache add   name: 'path-is-absolute',
388 silly cache add   rawSpec: '^1.0.0',
388 silly cache add   spec: '>=1.0.0 <2.0.0',
388 silly cache add   type: 'range' }
389 silly addNamed path-is-absolute@>=1.0.0 <2.0.0
390 verbose addNamed ">=1.0.0 <2.0.0" is a valid semver range for path-is-absolute
391 silly addNameRange { name: 'path-is-absolute',
391 silly addNameRange   range: '>=1.0.0 <2.0.0',
391 silly addNameRange   hasData: false }
392 silly mapToRegistry name path-is-absolute
393 silly mapToRegistry using default registry
394 silly mapToRegistry registry https://registry.npmjs.org/
395 silly mapToRegistry data Result {
395 silly mapToRegistry   raw: 'path-is-absolute',
395 silly mapToRegistry   scope: null,
395 silly mapToRegistry   escapedName: 'path-is-absolute',
395 silly mapToRegistry   name: 'path-is-absolute',
395 silly mapToRegistry   rawSpec: '',
395 silly mapToRegistry   spec: 'latest',
395 silly mapToRegistry   type: 'tag' }
396 silly mapToRegistry uri https://registry.npmjs.org/path-is-absolute
397 verbose addNameRange registry:https://registry.npmjs.org/path-is-absolute not in flight; fetching
398 silly cache afterAdd minimatch@3.0.3
399 verbose afterAdd /home/adit/.npm/minimatch/3.0.3/package/package.json not in flight; writing
400 verbose correctMkdir /home/adit/.npm correctMkdir not in flight; initializing
401 silly resolveWithNewModule inherits@2.0.3 checking installable status
402 silly cache add args [ 'inherits@2', null ]
403 verbose cache add spec inherits@2
404 silly cache add parsed spec Result {
404 silly cache add   raw: 'inherits@2',
404 silly cache add   scope: null,
404 silly cache add   escapedName: 'inherits',
404 silly cache add   name: 'inherits',
404 silly cache add   rawSpec: '2',
404 silly cache add   spec: '>=2.0.0 <3.0.0',
404 silly cache add   type: 'range' }
405 silly addNamed inherits@>=2.0.0 <3.0.0
406 verbose addNamed ">=2.0.0 <3.0.0" is a valid semver range for inherits
407 silly addNameRange { name: 'inherits', range: '>=2.0.0 <3.0.0', hasData: false }
408 silly mapToRegistry name inherits
409 silly mapToRegistry using default registry
410 silly mapToRegistry registry https://registry.npmjs.org/
411 silly mapToRegistry data Result {
411 silly mapToRegistry   raw: 'inherits',
411 silly mapToRegistry   scope: null,
411 silly mapToRegistry   escapedName: 'inherits',
411 silly mapToRegistry   name: 'inherits',
411 silly mapToRegistry   rawSpec: '',
411 silly mapToRegistry   spec: 'latest',
411 silly mapToRegistry   type: 'tag' }
412 silly mapToRegistry uri https://registry.npmjs.org/inherits
413 verbose addNameRange registry:https://registry.npmjs.org/inherits not in flight; fetching
414 silly resolveWithNewModule once@1.4.0 checking installable status
415 silly cache add args [ 'once@^1.3.0', null ]
416 verbose cache add spec once@^1.3.0
417 silly cache add parsed spec Result {
417 silly cache add   raw: 'once@^1.3.0',
417 silly cache add   scope: null,
417 silly cache add   escapedName: 'once',
417 silly cache add   name: 'once',
417 silly cache add   rawSpec: '^1.3.0',
417 silly cache add   spec: '>=1.3.0 <2.0.0',
417 silly cache add   type: 'range' }
418 silly addNamed once@>=1.3.0 <2.0.0
419 verbose addNamed ">=1.3.0 <2.0.0" is a valid semver range for once
420 silly addNameRange { name: 'once', range: '>=1.3.0 <2.0.0', hasData: false }
421 silly mapToRegistry name once
422 silly mapToRegistry using default registry
423 silly mapToRegistry registry https://registry.npmjs.org/
424 silly mapToRegistry data Result {
424 silly mapToRegistry   raw: 'once',
424 silly mapToRegistry   scope: null,
424 silly mapToRegistry   escapedName: 'once',
424 silly mapToRegistry   name: 'once',
424 silly mapToRegistry   rawSpec: '',
424 silly mapToRegistry   spec: 'latest',
424 silly mapToRegistry   type: 'tag' }
425 silly mapToRegistry uri https://registry.npmjs.org/once
426 verbose addNameRange registry:https://registry.npmjs.org/once not in flight; fetching
427 verbose get https://registry.npmjs.org/path-is-absolute not expired, no request
428 silly addNameRange number 2 { name: 'path-is-absolute',
428 silly addNameRange   range: '>=1.0.0 <2.0.0',
428 silly addNameRange   hasData: true }
429 silly addNameRange versions [ 'path-is-absolute', [ '1.0.0', '1.0.1' ] ]
430 silly addNamed path-is-absolute@1.0.1
431 verbose addNamed "1.0.1" is a plain semver version for path-is-absolute
432 verbose afterAdd /home/adit/.npm/inflight/1.0.6/package/package.json written
433 verbose afterAdd /home/adit/.npm/minimatch/3.0.3/package/package.json written
434 verbose get https://registry.npmjs.org/inherits not expired, no request
435 silly addNameRange number 2 { name: 'inherits', range: '>=2.0.0 <3.0.0', hasData: true }
436 silly addNameRange versions [ 'inherits',
436 silly addNameRange   [ '1.0.0', '2.0.0', '2.0.1', '1.0.1', '1.0.2', '2.0.3' ] ]
437 silly addNamed inherits@2.0.3
438 verbose addNamed "2.0.3" is a plain semver version for inherits
439 verbose get https://registry.npmjs.org/once not expired, no request
440 silly addNameRange number 2 { name: 'once', range: '>=1.3.0 <2.0.0', hasData: true }
441 silly addNameRange versions [ 'once',
441 silly addNameRange   [ '1.1.1', '1.2.0', '1.3.0', '1.3.1', '1.3.2', '1.3.3', '1.4.0' ] ]
442 silly addNamed once@1.4.0
443 verbose addNamed "1.4.0" is a plain semver version for once
444 silly cache afterAdd path-is-absolute@1.0.1
445 verbose afterAdd /home/adit/.npm/path-is-absolute/1.0.1/package/package.json not in flight; writing
446 verbose correctMkdir /home/adit/.npm correctMkdir not in flight; initializing
447 silly cache afterAdd inherits@2.0.3
448 verbose afterAdd /home/adit/.npm/inherits/2.0.3/package/package.json not in flight; writing
449 verbose correctMkdir /home/adit/.npm correctMkdir not in flight; initializing
450 silly cache afterAdd once@1.4.0
451 verbose afterAdd /home/adit/.npm/once/1.4.0/package/package.json not in flight; writing
452 verbose correctMkdir /home/adit/.npm correctMkdir not in flight; initializing
453 verbose afterAdd /home/adit/.npm/path-is-absolute/1.0.1/package/package.json written
454 verbose afterAdd /home/adit/.npm/once/1.4.0/package/package.json written
455 verbose afterAdd /home/adit/.npm/inherits/2.0.3/package/package.json written
456 silly fetchNamedPackageData wrappy
457 silly mapToRegistry name wrappy
458 silly mapToRegistry using default registry
459 silly mapToRegistry registry https://registry.npmjs.org/
460 silly mapToRegistry data Result {
460 silly mapToRegistry   raw: 'wrappy',
460 silly mapToRegistry   scope: null,
460 silly mapToRegistry   escapedName: 'wrappy',
460 silly mapToRegistry   name: 'wrappy',
460 silly mapToRegistry   rawSpec: '',
460 silly mapToRegistry   spec: 'latest',
460 silly mapToRegistry   type: 'tag' }
461 silly mapToRegistry uri https://registry.npmjs.org/wrappy
462 verbose request uri https://registry.npmjs.org/wrappy
463 verbose request no auth needed
464 info attempt registry request try #1 at 4:16:00 PM
465 verbose etag W/"5818e387-11a5"
466 verbose lastModified Tue, 01 Nov 2016 18:48:39 GMT
467 http request GET https://registry.npmjs.org/wrappy
468 http 304 https://registry.npmjs.org/wrappy
469 verbose headers { date: 'Tue, 24 Jan 2017 10:46:02 GMT',
469 verbose headers   via: '1.1 varnish',
469 verbose headers   'cache-control': 'max-age=300',
469 verbose headers   etag: 'W/"5818e387-11a5"',
469 verbose headers   age: '75',
469 verbose headers   connection: 'keep-alive',
469 verbose headers   'x-served-by': 'cache-cdg8733-CDG',
469 verbose headers   'x-cache': 'HIT',
469 verbose headers   'x-cache-hits': '6',
469 verbose headers   'x-timer': 'S1485254762.029760,VS0,VE0',
469 verbose headers   vary: 'Accept-Encoding' }
470 silly get cb [ 304,
470 silly get   { date: 'Tue, 24 Jan 2017 10:46:02 GMT',
470 silly get     via: '1.1 varnish',
470 silly get     'cache-control': 'max-age=300',
470 silly get     etag: 'W/"5818e387-11a5"',
470 silly get     age: '75',
470 silly get     connection: 'keep-alive',
470 silly get     'x-served-by': 'cache-cdg8733-CDG',
470 silly get     'x-cache': 'HIT',
470 silly get     'x-cache-hits': '6',
470 silly get     'x-timer': 'S1485254762.029760,VS0,VE0',
470 silly get     vary: 'Accept-Encoding' } ]
471 verbose etag https://registry.npmjs.org/wrappy from cache
472 verbose get saving wrappy to /home/adit/.npm/registry.npmjs.org/wrappy/.cache.json
473 verbose correctMkdir /home/adit/.npm correctMkdir not in flight; initializing
474 silly resolveWithNewModule wrappy@1.0.2 checking installable status
475 silly cache add args [ 'wrappy@1', null ]
476 verbose cache add spec wrappy@1
477 silly cache add parsed spec Result {
477 silly cache add   raw: 'wrappy@1',
477 silly cache add   scope: null,
477 silly cache add   escapedName: 'wrappy',
477 silly cache add   name: 'wrappy',
477 silly cache add   rawSpec: '1',
477 silly cache add   spec: '>=1.0.0 <2.0.0',
477 silly cache add   type: 'range' }
478 silly addNamed wrappy@>=1.0.0 <2.0.0
479 verbose addNamed ">=1.0.0 <2.0.0" is a valid semver range for wrappy
480 silly addNameRange { name: 'wrappy', range: '>=1.0.0 <2.0.0', hasData: false }
481 silly mapToRegistry name wrappy
482 silly mapToRegistry using default registry
483 silly mapToRegistry registry https://registry.npmjs.org/
484 silly mapToRegistry data Result {
484 silly mapToRegistry   raw: 'wrappy',
484 silly mapToRegistry   scope: null,
484 silly mapToRegistry   escapedName: 'wrappy',
484 silly mapToRegistry   name: 'wrappy',
484 silly mapToRegistry   rawSpec: '',
484 silly mapToRegistry   spec: 'latest',
484 silly mapToRegistry   type: 'tag' }
485 silly mapToRegistry uri https://registry.npmjs.org/wrappy
486 verbose addNameRange registry:https://registry.npmjs.org/wrappy not in flight; fetching
487 verbose get https://registry.npmjs.org/wrappy not expired, no request
488 silly addNameRange number 2 { name: 'wrappy', range: '>=1.0.0 <2.0.0', hasData: true }
489 silly addNameRange versions [ 'wrappy', [ '1.0.0', '1.0.1', '1.0.2' ] ]
490 silly addNamed wrappy@1.0.2
491 verbose addNamed "1.0.2" is a plain semver version for wrappy
492 silly cache afterAdd wrappy@1.0.2
493 verbose afterAdd /home/adit/.npm/wrappy/1.0.2/package/package.json not in flight; writing
494 verbose correctMkdir /home/adit/.npm correctMkdir not in flight; initializing
495 verbose afterAdd /home/adit/.npm/wrappy/1.0.2/package/package.json written
496 silly fetchNamedPackageData brace-expansion
497 silly mapToRegistry name brace-expansion
498 silly mapToRegistry using default registry
499 silly mapToRegistry registry https://registry.npmjs.org/
500 silly mapToRegistry data Result {
500 silly mapToRegistry   raw: 'brace-expansion',
500 silly mapToRegistry   scope: null,
500 silly mapToRegistry   escapedName: 'brace-expansion',
500 silly mapToRegistry   name: 'brace-expansion',
500 silly mapToRegistry   rawSpec: '',
500 silly mapToRegistry   spec: 'latest',
500 silly mapToRegistry   type: 'tag' }
501 silly mapToRegistry uri https://registry.npmjs.org/brace-expansion
502 verbose request uri https://registry.npmjs.org/brace-expansion
503 verbose request no auth needed
504 info attempt registry request try #1 at 4:16:01 PM
505 verbose etag W/"57f1e446-4bb6"
506 verbose lastModified Mon, 03 Oct 2016 04:53:26 GMT
507 http request GET https://registry.npmjs.org/brace-expansion
508 http 304 https://registry.npmjs.org/brace-expansion
509 verbose headers { date: 'Tue, 24 Jan 2017 10:46:02 GMT',
509 verbose headers   via: '1.1 varnish',
509 verbose headers   'cache-control': 'max-age=300',
509 verbose headers   etag: 'W/"57f1e446-4bb6"',
509 verbose headers   age: '15',
509 verbose headers   connection: 'keep-alive',
509 verbose headers   'x-served-by': 'cache-cdg8731-CDG',
509 verbose headers   'x-cache': 'HIT',
509 verbose headers   'x-cache-hits': '2',
509 verbose headers   'x-timer': 'S1485254762.476267,VS0,VE0',
509 verbose headers   vary: 'Accept-Encoding' }
510 silly get cb [ 304,
510 silly get   { date: 'Tue, 24 Jan 2017 10:46:02 GMT',
510 silly get     via: '1.1 varnish',
510 silly get     'cache-control': 'max-age=300',
510 silly get     etag: 'W/"57f1e446-4bb6"',
510 silly get     age: '15',
510 silly get     connection: 'keep-alive',
510 silly get     'x-served-by': 'cache-cdg8731-CDG',
510 silly get     'x-cache': 'HIT',
510 silly get     'x-cache-hits': '2',
510 silly get     'x-timer': 'S1485254762.476267,VS0,VE0',
510 silly get     vary: 'Accept-Encoding' } ]
511 verbose etag https://registry.npmjs.org/brace-expansion from cache
512 verbose get saving brace-expansion to /home/adit/.npm/registry.npmjs.org/brace-expansion/.cache.json
513 verbose correctMkdir /home/adit/.npm correctMkdir not in flight; initializing
514 silly resolveWithNewModule brace-expansion@1.1.6 checking installable status
515 silly cache add args [ 'brace-expansion@^1.0.0', null ]
516 verbose cache add spec brace-expansion@^1.0.0
517 silly cache add parsed spec Result {
517 silly cache add   raw: 'brace-expansion@^1.0.0',
517 silly cache add   scope: null,
517 silly cache add   escapedName: 'brace-expansion',
517 silly cache add   name: 'brace-expansion',
517 silly cache add   rawSpec: '^1.0.0',
517 silly cache add   spec: '>=1.0.0 <2.0.0',
517 silly cache add   type: 'range' }
518 silly addNamed brace-expansion@>=1.0.0 <2.0.0
519 verbose addNamed ">=1.0.0 <2.0.0" is a valid semver range for brace-expansion
520 silly addNameRange { name: 'brace-expansion',
520 silly addNameRange   range: '>=1.0.0 <2.0.0',
520 silly addNameRange   hasData: false }
521 silly mapToRegistry name brace-expansion
522 silly mapToRegistry using default registry
523 silly mapToRegistry registry https://registry.npmjs.org/
524 silly mapToRegistry data Result {
524 silly mapToRegistry   raw: 'brace-expansion',
524 silly mapToRegistry   scope: null,
524 silly mapToRegistry   escapedName: 'brace-expansion',
524 silly mapToRegistry   name: 'brace-expansion',
524 silly mapToRegistry   rawSpec: '',
524 silly mapToRegistry   spec: 'latest',
524 silly mapToRegistry   type: 'tag' }
525 silly mapToRegistry uri https://registry.npmjs.org/brace-expansion
526 verbose addNameRange registry:https://registry.npmjs.org/brace-expansion not in flight; fetching
527 verbose get https://registry.npmjs.org/brace-expansion not expired, no request
528 silly addNameRange number 2 { name: 'brace-expansion',
528 silly addNameRange   range: '>=1.0.0 <2.0.0',
528 silly addNameRange   hasData: true }
529 silly addNameRange versions [ 'brace-expansion',
529 silly addNameRange   [ '0.0.0',
529 silly addNameRange     '1.0.0',
529 silly addNameRange     '1.0.1',
529 silly addNameRange     '1.1.0',
529 silly addNameRange     '1.1.1',
529 silly addNameRange     '1.1.2',
529 silly addNameRange     '1.1.3',
529 silly addNameRange     '1.1.4',
529 silly addNameRange     '1.1.5',
529 silly addNameRange     '1.1.6' ] ]
530 silly addNamed brace-expansion@1.1.6
531 verbose addNamed "1.1.6" is a plain semver version for brace-expansion
532 silly cache afterAdd brace-expansion@1.1.6
533 verbose afterAdd /home/adit/.npm/brace-expansion/1.1.6/package/package.json not in flight; writing
534 verbose correctMkdir /home/adit/.npm correctMkdir not in flight; initializing
535 verbose afterAdd /home/adit/.npm/brace-expansion/1.1.6/package/package.json written
536 silly fetchNamedPackageData balanced-match
537 silly mapToRegistry name balanced-match
538 silly mapToRegistry using default registry
539 silly mapToRegistry registry https://registry.npmjs.org/
540 silly mapToRegistry data Result {
540 silly mapToRegistry   raw: 'balanced-match',
540 silly mapToRegistry   scope: null,
540 silly mapToRegistry   escapedName: 'balanced-match',
540 silly mapToRegistry   name: 'balanced-match',
540 silly mapToRegistry   rawSpec: '',
540 silly mapToRegistry   spec: 'latest',
540 silly mapToRegistry   type: 'tag' }
541 silly mapToRegistry uri https://registry.npmjs.org/balanced-match
542 silly fetchNamedPackageData concat-map
543 silly mapToRegistry name concat-map
544 silly mapToRegistry using default registry
545 silly mapToRegistry registry https://registry.npmjs.org/
546 silly mapToRegistry data Result {
546 silly mapToRegistry   raw: 'concat-map',
546 silly mapToRegistry   scope: null,
546 silly mapToRegistry   escapedName: 'concat-map',
546 silly mapToRegistry   name: 'concat-map',
546 silly mapToRegistry   rawSpec: '',
546 silly mapToRegistry   spec: 'latest',
546 silly mapToRegistry   type: 'tag' }
547 silly mapToRegistry uri https://registry.npmjs.org/concat-map
548 verbose request uri https://registry.npmjs.org/balanced-match
549 verbose request no auth needed
550 info attempt registry request try #1 at 4:16:01 PM
551 verbose etag W/"58717f67-4136"
552 verbose lastModified Sat, 07 Jan 2017 23:53:11 GMT
553 http request GET https://registry.npmjs.org/balanced-match
554 verbose request uri https://registry.npmjs.org/concat-map
555 verbose request no auth needed
556 info attempt registry request try #1 at 4:16:01 PM
557 verbose etag W/"52e9c1bb-f3a"
558 verbose lastModified Thu, 30 Jan 2014 03:06:35 GMT
559 http request GET https://registry.npmjs.org/concat-map
560 http 304 https://registry.npmjs.org/balanced-match
561 verbose headers { date: 'Tue, 24 Jan 2017 10:46:02 GMT',
561 verbose headers   via: '1.1 varnish',
561 verbose headers   'cache-control': 'max-age=300',
561 verbose headers   etag: 'W/"58717f67-4136"',
561 verbose headers   age: '216',
561 verbose headers   connection: 'keep-alive',
561 verbose headers   'x-served-by': 'cache-cdg8734-CDG',
561 verbose headers   'x-cache': 'HIT',
561 verbose headers   'x-cache-hits': '23',
561 verbose headers   'x-timer': 'S1485254762.924537,VS0,VE0',
561 verbose headers   vary: 'Accept-Encoding' }
562 silly get cb [ 304,
562 silly get   { date: 'Tue, 24 Jan 2017 10:46:02 GMT',
562 silly get     via: '1.1 varnish',
562 silly get     'cache-control': 'max-age=300',
562 silly get     etag: 'W/"58717f67-4136"',
562 silly get     age: '216',
562 silly get     connection: 'keep-alive',
562 silly get     'x-served-by': 'cache-cdg8734-CDG',
562 silly get     'x-cache': 'HIT',
562 silly get     'x-cache-hits': '23',
562 silly get     'x-timer': 'S1485254762.924537,VS0,VE0',
562 silly get     vary: 'Accept-Encoding' } ]
563 verbose etag https://registry.npmjs.org/balanced-match from cache
564 verbose get saving balanced-match to /home/adit/.npm/registry.npmjs.org/balanced-match/.cache.json
565 verbose correctMkdir /home/adit/.npm correctMkdir not in flight; initializing
566 silly resolveWithNewModule balanced-match@0.4.2 checking installable status
567 silly cache add args [ 'balanced-match@^0.4.1', null ]
568 verbose cache add spec balanced-match@^0.4.1
569 silly cache add parsed spec Result {
569 silly cache add   raw: 'balanced-match@^0.4.1',
569 silly cache add   scope: null,
569 silly cache add   escapedName: 'balanced-match',
569 silly cache add   name: 'balanced-match',
569 silly cache add   rawSpec: '^0.4.1',
569 silly cache add   spec: '>=0.4.1 <0.5.0',
569 silly cache add   type: 'range' }
570 silly addNamed balanced-match@>=0.4.1 <0.5.0
571 verbose addNamed ">=0.4.1 <0.5.0" is a valid semver range for balanced-match
572 silly addNameRange { name: 'balanced-match',
572 silly addNameRange   range: '>=0.4.1 <0.5.0',
572 silly addNameRange   hasData: false }
573 silly mapToRegistry name balanced-match
574 silly mapToRegistry using default registry
575 silly mapToRegistry registry https://registry.npmjs.org/
576 silly mapToRegistry data Result {
576 silly mapToRegistry   raw: 'balanced-match',
576 silly mapToRegistry   scope: null,
576 silly mapToRegistry   escapedName: 'balanced-match',
576 silly mapToRegistry   name: 'balanced-match',
576 silly mapToRegistry   rawSpec: '',
576 silly mapToRegistry   spec: 'latest',
576 silly mapToRegistry   type: 'tag' }
577 silly mapToRegistry uri https://registry.npmjs.org/balanced-match
578 verbose addNameRange registry:https://registry.npmjs.org/balanced-match not in flight; fetching
579 verbose get https://registry.npmjs.org/balanced-match not expired, no request
580 silly addNameRange number 2 { name: 'balanced-match',
580 silly addNameRange   range: '>=0.4.1 <0.5.0',
580 silly addNameRange   hasData: true }
581 silly addNameRange versions [ 'balanced-match',
581 silly addNameRange   [ '0.0.0',
581 silly addNameRange     '0.0.1',
581 silly addNameRange     '0.1.0',
581 silly addNameRange     '0.2.0',
581 silly addNameRange     '0.2.1',
581 silly addNameRange     '0.3.0',
581 silly addNameRange     '0.4.0',
581 silly addNameRange     '0.4.1',
581 silly addNameRange     '0.4.2' ] ]
582 silly addNamed balanced-match@0.4.2
583 verbose addNamed "0.4.2" is a plain semver version for balanced-match
584 http 304 https://registry.npmjs.org/concat-map
585 verbose headers { date: 'Tue, 24 Jan 2017 10:46:02 GMT',
585 verbose headers   via: '1.1 varnish',
585 verbose headers   'cache-control': 'max-age=300',
585 verbose headers   etag: 'W/"52e9c1bb-f3a"',
585 verbose headers   age: '215',
585 verbose headers   connection: 'keep-alive',
585 verbose headers   'x-served-by': 'cache-cdg8721-CDG',
585 verbose headers   'x-cache': 'HIT',
585 verbose headers   'x-cache-hits': '427',
585 verbose headers   'x-timer': 'S1485254762.931430,VS0,VE0',
585 verbose headers   vary: 'Accept-Encoding' }
586 silly get cb [ 304,
586 silly get   { date: 'Tue, 24 Jan 2017 10:46:02 GMT',
586 silly get     via: '1.1 varnish',
586 silly get     'cache-control': 'max-age=300',
586 silly get     etag: 'W/"52e9c1bb-f3a"',
586 silly get     age: '215',
586 silly get     connection: 'keep-alive',
586 silly get     'x-served-by': 'cache-cdg8721-CDG',
586 silly get     'x-cache': 'HIT',
586 silly get     'x-cache-hits': '427',
586 silly get     'x-timer': 'S1485254762.931430,VS0,VE0',
586 silly get     vary: 'Accept-Encoding' } ]
587 verbose etag https://registry.npmjs.org/concat-map from cache
588 verbose get saving concat-map to /home/adit/.npm/registry.npmjs.org/concat-map/.cache.json
589 verbose correctMkdir /home/adit/.npm correctMkdir not in flight; initializing
590 silly cache afterAdd balanced-match@0.4.2
591 verbose afterAdd /home/adit/.npm/balanced-match/0.4.2/package/package.json not in flight; writing
592 verbose correctMkdir /home/adit/.npm correctMkdir not in flight; initializing
593 verbose afterAdd /home/adit/.npm/balanced-match/0.4.2/package/package.json written
594 silly resolveWithNewModule concat-map@0.0.1 checking installable status
595 silly cache add args [ 'concat-map@0.0.1', null ]
596 verbose cache add spec concat-map@0.0.1
597 silly cache add parsed spec Result {
597 silly cache add   raw: 'concat-map@0.0.1',
597 silly cache add   scope: null,
597 silly cache add   escapedName: 'concat-map',
597 silly cache add   name: 'concat-map',
597 silly cache add   rawSpec: '0.0.1',
597 silly cache add   spec: '0.0.1',
597 silly cache add   type: 'version' }
598 silly addNamed concat-map@0.0.1
599 verbose addNamed "0.0.1" is a plain semver version for concat-map
600 silly mapToRegistry name concat-map
601 silly mapToRegistry using default registry
602 silly mapToRegistry registry https://registry.npmjs.org/
603 silly mapToRegistry data Result {
603 silly mapToRegistry   raw: 'concat-map',
603 silly mapToRegistry   scope: null,
603 silly mapToRegistry   escapedName: 'concat-map',
603 silly mapToRegistry   name: 'concat-map',
603 silly mapToRegistry   rawSpec: '',
603 silly mapToRegistry   spec: 'latest',
603 silly mapToRegistry   type: 'tag' }
604 silly mapToRegistry uri https://registry.npmjs.org/concat-map
605 verbose addNameVersion registry:https://registry.npmjs.org/concat-map not in flight; fetching
606 verbose get https://registry.npmjs.org/concat-map not expired, no request
607 silly cache afterAdd concat-map@0.0.1
608 verbose afterAdd /home/adit/.npm/concat-map/0.0.1/package/package.json not in flight; writing
609 verbose correctMkdir /home/adit/.npm correctMkdir not in flight; initializing
610 verbose afterAdd /home/adit/.npm/concat-map/0.0.1/package/package.json written
611 silly fetchNamedPackageData abbrev
612 silly mapToRegistry name abbrev
613 silly mapToRegistry using default registry
614 silly mapToRegistry registry https://registry.npmjs.org/
615 silly mapToRegistry data Result {
615 silly mapToRegistry   raw: 'abbrev',
615 silly mapToRegistry   scope: null,
615 silly mapToRegistry   escapedName: 'abbrev',
615 silly mapToRegistry   name: 'abbrev',
615 silly mapToRegistry   rawSpec: '',
615 silly mapToRegistry   spec: 'latest',
615 silly mapToRegistry   type: 'tag' }
616 silly mapToRegistry uri https://registry.npmjs.org/abbrev
617 verbose request uri https://registry.npmjs.org/abbrev
618 verbose request no auth needed
619 info attempt registry request try #1 at 4:16:02 PM
620 verbose etag W/"580d2ad6-19a5"
621 verbose lastModified Sun, 23 Oct 2016 21:25:42 GMT
622 http request GET https://registry.npmjs.org/abbrev
623 http 304 https://registry.npmjs.org/abbrev
624 verbose headers { date: 'Tue, 24 Jan 2017 10:46:03 GMT',
624 verbose headers   via: '1.1 varnish',
624 verbose headers   'cache-control': 'max-age=300',
624 verbose headers   etag: 'W/"580d2ad6-19a5"',
624 verbose headers   age: '191',
624 verbose headers   connection: 'keep-alive',
624 verbose headers   'x-served-by': 'cache-cdg8732-CDG',
624 verbose headers   'x-cache': 'HIT',
624 verbose headers   'x-cache-hits': '17',
624 verbose headers   'x-timer': 'S1485254763.370365,VS0,VE0',
624 verbose headers   vary: 'Accept-Encoding' }
625 silly get cb [ 304,
625 silly get   { date: 'Tue, 24 Jan 2017 10:46:03 GMT',
625 silly get     via: '1.1 varnish',
625 silly get     'cache-control': 'max-age=300',
625 silly get     etag: 'W/"580d2ad6-19a5"',
625 silly get     age: '191',
625 silly get     connection: 'keep-alive',
625 silly get     'x-served-by': 'cache-cdg8732-CDG',
625 silly get     'x-cache': 'HIT',
625 silly get     'x-cache-hits': '17',
625 silly get     'x-timer': 'S1485254763.370365,VS0,VE0',
625 silly get     vary: 'Accept-Encoding' } ]
626 verbose etag https://registry.npmjs.org/abbrev from cache
627 verbose get saving abbrev to /home/adit/.npm/registry.npmjs.org/abbrev/.cache.json
628 verbose correctMkdir /home/adit/.npm correctMkdir not in flight; initializing
629 silly resolveWithNewModule abbrev@1.0.9 checking installable status
630 silly cache add args [ 'abbrev@1', null ]
631 verbose cache add spec abbrev@1
632 silly cache add parsed spec Result {
632 silly cache add   raw: 'abbrev@1',
632 silly cache add   scope: null,
632 silly cache add   escapedName: 'abbrev',
632 silly cache add   name: 'abbrev',
632 silly cache add   rawSpec: '1',
632 silly cache add   spec: '>=1.0.0 <2.0.0',
632 silly cache add   type: 'range' }
633 silly addNamed abbrev@>=1.0.0 <2.0.0
634 verbose addNamed ">=1.0.0 <2.0.0" is a valid semver range for abbrev
635 silly addNameRange { name: 'abbrev', range: '>=1.0.0 <2.0.0', hasData: false }
636 silly mapToRegistry name abbrev
637 silly mapToRegistry using default registry
638 silly mapToRegistry registry https://registry.npmjs.org/
639 silly mapToRegistry data Result {
639 silly mapToRegistry   raw: 'abbrev',
639 silly mapToRegistry   scope: null,
639 silly mapToRegistry   escapedName: 'abbrev',
639 silly mapToRegistry   name: 'abbrev',
639 silly mapToRegistry   rawSpec: '',
639 silly mapToRegistry   spec: 'latest',
639 silly mapToRegistry   type: 'tag' }
640 silly mapToRegistry uri https://registry.npmjs.org/abbrev
641 verbose addNameRange registry:https://registry.npmjs.org/abbrev not in flight; fetching
642 verbose get https://registry.npmjs.org/abbrev not expired, no request
643 silly addNameRange number 2 { name: 'abbrev', range: '>=1.0.0 <2.0.0', hasData: true }
644 silly addNameRange versions [ 'abbrev',
644 silly addNameRange   [ '1.0.3', '1.0.4', '1.0.5', '1.0.6', '1.0.7', '1.0.9' ] ]
645 silly addNamed abbrev@1.0.9
646 verbose addNamed "1.0.9" is a plain semver version for abbrev
647 silly cache afterAdd abbrev@1.0.9
648 verbose afterAdd /home/adit/.npm/abbrev/1.0.9/package/package.json not in flight; writing
649 verbose correctMkdir /home/adit/.npm correctMkdir not in flight; initializing
650 verbose afterAdd /home/adit/.npm/abbrev/1.0.9/package/package.json written
651 silly loadAllDepsIntoIdealTree Finishing
652 silly loadIdealTree Finishing
653 silly currentTree lib
653 silly currentTree `-- grunt-cli@1.2.0
653 silly currentTree   +-- abbrev@1.0.9
653 silly currentTree   +-- balanced-match@0.4.2
653 silly currentTree   +-- brace-expansion@1.1.6
653 silly currentTree   +-- concat-map@0.0.1
653 silly currentTree   +-- findup-sync@0.3.0
653 silly currentTree   +-- glob@5.0.15
653 silly currentTree   +-- grunt-known-options@1.1.0
653 silly currentTree   +-- inflight@1.0.6
653 silly currentTree   +-- inherits@2.0.3
653 silly currentTree   +-- minimatch@3.0.3
653 silly currentTree   +-- nopt@3.0.6
653 silly currentTree   +-- once@1.4.0
653 silly currentTree   +-- path-is-absolute@1.0.1
653 silly currentTree   +-- resolve@1.1.7
653 silly currentTree   `-- wrappy@1.0.2
654 silly idealTree lib
654 silly idealTree `-- grunt-cli@1.2.0
654 silly idealTree   +-- abbrev@1.0.9
654 silly idealTree   +-- balanced-match@0.4.2
654 silly idealTree   +-- brace-expansion@1.1.6
654 silly idealTree   +-- concat-map@0.0.1
654 silly idealTree   +-- findup-sync@0.3.0
654 silly idealTree   +-- glob@5.0.15
654 silly idealTree   +-- grunt-known-options@1.1.0
654 silly idealTree   +-- inflight@1.0.6
654 silly idealTree   +-- inherits@2.0.3
654 silly idealTree   +-- minimatch@3.0.3
654 silly idealTree   +-- nopt@3.0.6
654 silly idealTree   +-- once@1.4.0
654 silly idealTree   +-- path-is-absolute@1.0.1
654 silly idealTree   +-- resolve@1.1.7
654 silly idealTree   `-- wrappy@1.0.2
655 silly generateActionsToTake Starting
656 silly install generateActionsToTake
657 warn checkPermissions Missing write access to /usr/local/lib/node_modules/grunt-cli
658 warn checkPermissions Missing write access to /usr/local/lib/node_modules
659 silly rollbackFailedOptional Starting
660 silly rollbackFailedOptional Finishing
661 silly runTopLevelLifecycles Finishing
662 silly install printInstalled
663 verbose stack Error: EACCES: permission denied, access '/usr/local/lib/node_modules/grunt-cli'
663 verbose stack     at Error (native)
664 verbose cwd /media/sf_ubuntu-share/Site
665 error Linux 4.4.0-59-generic
666 error argv "/usr/bin/nodejs" "/usr/local/bin/npm" "install" "-g" "grunt-cli"
667 error node v4.2.6
668 error npm  v4.0.5
669 error path /usr/local/lib/node_modules/grunt-cli
670 error code EACCES
671 error errno -13
672 error syscall access
673 error Error: EACCES: permission denied, access '/usr/local/lib/node_modules/grunt-cli'
673 error     at Error (native)
673 error  { [Error: EACCES: permission denied, access '/usr/local/lib/node_modules/grunt-cli']
673 error   errno: -13,
673 error   code: 'EACCES',
673 error   syscall: 'access',
673 error   path: '/usr/local/lib/node_modules/grunt-cli' }
674 error Please try running this command again as root/Administrator.
675 verbose exit [ -13, true ]
